Arguments: 
  C:\Program Files\nodejs\node.exe C:\Users\Mina Choi\AppData\Roaming\npm\node_modules\yarn\bin\yarn.js i

PATH: 
  C:\Users\Mina Choi\Downloads\cmder\bin;C:\Users\Mina Choi\Downloads\cmder\vendor\conemu-maximus5\ConEmu\Scripts;C:\Users\Mina Choi\Downloads\cmder\vendor\conemu-maximus5;C:\Users\Mina Choi\Downloads\cmder\vendor\conemu-maximus5\ConEmu;C:\Program Files (x86)\Intel\iCLS Client\;C:\Program Files\Intel\iCLS Client\;C:\ProgramData\Oracle\Java\javapath;C:\Windows\system32;C:\Windows;C:\Windows\System32\Wbem;C:\Windows\System32\WindowsPowerShell\v1.0\;C:\Program Files (x86)\NVIDIA Corporation\PhysX\Common;C:\Program Files\PuTTY\;C:\Program Files (x86)\Intel\Intel(R) Management Engine Components\DAL;C:\Program Files\Intel\Intel(R) Management Engine Components\DAL;C:\Program Files (x86)\Intel\Intel(R) Management Engine Components\IPT;C:\Program Files\Intel\Intel(R) Management Engine Components\IPT;C:\Users\Mina Choi\AppData\Roaming\nvm;C:\Program Files\nodejs;C:\Program Files\PowerShell\6.0.0-rc.2\;C:\Program Files\Git\cmd;C:\WINDOWS\system32;C:\WINDOWS;C:\WINDOWS\System32\Wbem;C:\WINDOWS\System32\WindowsPowerShell\v1.0\;C:\ProgramData\chocolatey\bin;C:\Program Files (x86)\Windows Kits\8.1\Windows Performance Toolkit\;C:\mysql\mysql-5.7.21-winx64\bin;C:\Program Files\MySQL\MySQL Utilities 1.6\;C:\Users\Mina Choi\AppData\Local\Microsoft\WindowsApps;C:\Program Files\Java\jdk1.8.0_151\bin;C:\Program Files\Microsoft VS Code\bin;C:\Users\Mina Choi\AppData\Local\atom\bin;C:\Users\Mina Choi\AppData\Roaming\npm;C:\Python27;C:\Python27\Scripts;C:\Users\Mina Choi\AppData\Roaming\nvm;C:\Program Files\nodejs;C:\Users\Mina Choi\AppData\Roaming\Python\Scripts;C:\Users\Mina Choi\AppData\Roaming\Python;;C:\Users\Mina Choi\AppData\Local\Microsoft\WindowsApps;C:\Program Files\Docker Toolbox;C:\Program Files\Git\usr\bin;C:\Program Files\Git\usr\share\vim\vim74;C:\Users\Mina Choi\Downloads\cmder\

Yarn version: 
  1.5.1

Node version: 
  8.9.2

Platform: 
  win32 x64

npm manifest: 
  No manifest

yarn manifest: 
  No manifest

Lockfile: 
  No lockfile

Trace: 
  Error: Couldn't find a package.json file in "C:\\Users\\Mina Choi\\MinaTest\\Bitcoin\\cmacoin"
      at new MessageError (C:\Users\Mina Choi\AppData\Roaming\npm\node_modules\yarn\lib\cli.js:186:110)
      at C:\Users\Mina Choi\AppData\Roaming\npm\node_modules\yarn\lib\cli.js:40048:15
      at Generator.next (<anonymous>)
      at step (C:\Users\Mina Choi\AppData\Roaming\npm\node_modules\yarn\lib\cli.js:98:30)
      at C:\Users\Mina Choi\AppData\Roaming\npm\node_modules\yarn\lib\cli.js:109:13
      at <anonymous>
